mode: atomic
github.com/wtzhang23/xds-backend/pkg/server/server.go:26.79,28.35 2 0
github.com/wtzhang23/xds-backend/pkg/server/server.go:28.35,31.3 2 0
github.com/wtzhang23/xds-backend/pkg/server/server.go:32.2,35.3 1 0
github.com/wtzhang23/xds-backend/pkg/server/server.go:38.130,41.71 3 0
github.com/wtzhang23/xds-backend/pkg/server/server.go:41.71,43.83 2 0
github.com/wtzhang23/xds-backend/pkg/server/server.go:43.83,45.4 1 0
github.com/wtzhang23/xds-backend/pkg/server/server.go:46.3,47.10 2 0
github.com/wtzhang23/xds-backend/pkg/server/server.go:47.10,49.4 1 0
github.com/wtzhang23/xds-backend/pkg/server/server.go:50.3,51.10 2 0
github.com/wtzhang23/xds-backend/pkg/server/server.go:51.10,53.4 1 0
github.com/wtzhang23/xds-backend/pkg/server/server.go:54.3,56.10 3 0
github.com/wtzhang23/xds-backend/pkg/server/server.go:56.10,58.12 2 0
github.com/wtzhang23/xds-backend/pkg/server/server.go:60.3,62.17 3 0
github.com/wtzhang23/xds-backend/pkg/server/server.go:62.17,64.4 1 0
github.com/wtzhang23/xds-backend/pkg/server/server.go:65.3,65.52 1 0
github.com/wtzhang23/xds-backend/pkg/server/server.go:67.2,69.8 1 0
github.com/wtzhang23/xds-backend/pkg/server/server.go:72.124,82.2 4 0
github.com/wtzhang23/xds-backend/cmd/xds-backend-extension-server/main.go:19.13,54.41 2 0
github.com/wtzhang23/xds-backend/cmd/xds-backend-extension-server/main.go:54.41,57.3 2 0
github.com/wtzhang23/xds-backend/cmd/xds-backend-extension-server/main.go:63.45,66.12 3 0
github.com/wtzhang23/xds-backend/cmd/xds-backend-extension-server/main.go:66.12,67.15 1 0
github.com/wtzhang23/xds-backend/cmd/xds-backend-extension-server/main.go:67.15,68.25 1 0
github.com/wtzhang23/xds-backend/cmd/xds-backend-extension-server/main.go:68.25,71.5 2 0
github.com/wtzhang23/xds-backend/cmd/xds-backend-extension-server/main.go:74.2,74.12 1 0
github.com/wtzhang23/xds-backend/cmd/xds-backend-extension-server/main.go:77.52,79.78 2 0
github.com/wtzhang23/xds-backend/cmd/xds-backend-extension-server/main.go:79.78,81.3 1 0
github.com/wtzhang23/xds-backend/cmd/xds-backend-extension-server/main.go:82.2,88.16 5 0
github.com/wtzhang23/xds-backend/cmd/xds-backend-extension-server/main.go:88.16,90.3 1 0
github.com/wtzhang23/xds-backend/cmd/xds-backend-extension-server/main.go:91.2,93.163 2 0
github.com/wtzhang23/xds-backend/cmd/xds-backend-extension-server/main.go:93.163,95.17 2 0
github.com/wtzhang23/xds-backend/cmd/xds-backend-extension-server/main.go:95.17,97.4 1 0
github.com/wtzhang23/xds-backend/cmd/xds-backend-extension-server/main.go:98.3,98.19 1 0
github.com/wtzhang23/xds-backend/cmd/xds-backend-extension-server/main.go:100.2,106.30 4 0
github.com/wtzhang23/xds-backend/cmd/xds-backend-extension-server/main.go:109.65,112.74 3 0
github.com/wtzhang23/xds-backend/cmd/xds-backend-extension-server/main.go:112.74,116.3 3 0
github.com/wtzhang23/xds-backend/cmd/xds-backend-extension-server/main.go:117.2,121.36 2 0
github.com/wtzhang23/xds-backend/internal/handler/handler.go:14.43,16.2 1 0
github.com/wtzhang23/xds-backend/internal/handler/handler.go:18.49,20.2 1 0
github.com/wtzhang23/xds-backend/internal/handler/handler.go:22.96,24.55 2 0
github.com/wtzhang23/xds-backend/internal/handler/handler.go:24.55,26.3 1 0
github.com/wtzhang23/xds-backend/internal/handler/handler.go:27.2,27.22 1 0
